<?xml version="1.0" encoding="UTF-8"?>
<!-- Generated by org.testng.reporters.JUnitReportReporter -->
<testsuite hostname="KRISHNAs-iMac" name="registrationTestScripts.freshersCornerRegistration" tests="1" failures="0" timestamp="3 Aug 2015 03:35:25 GMT" time="11.242" errors="0">
  <testcase name="freshersCornerReg" time="11.242" classname="registrationTestScripts.freshersCornerRegistration"/>
</testsuite> <!-- registrationTestScripts.freshersCornerRegistration -->
