<?xml version="1.0" encoding="UTF-8"?>
<!-- Generated by org.testng.reporters.JUnitReportReporter -->
<testsuite hostname="KRISHNAs-iMac" name="testScriptClasses.employerRegistration" tests="1" failures="0" timestamp="31 Jul 2015 03:22:40 GMT" time="14.788" errors="0">
  <testcase name="empReg" time="14.788" classname="testScriptClasses.employerRegistration"/>
</testsuite> <!-- testScriptClasses.employerRegistration -->
