<?xml version="1.0" encoding="UTF-8"?>
<!-- Generated by org.testng.reporters.JUnitReportReporter -->
<testsuite hostname="KRISHNAs-iMac" name="testScriptClasses.recruiterRegistration" tests="1" failures="0" timestamp="31 Jul 2015 03:22:40 GMT" time="26.845" errors="0">
  <testcase name="recReg" time="26.845" classname="testScriptClasses.recruiterRegistration"/>
</testsuite> <!-- testScriptClasses.recruiterRegistration -->
