<?xml version="1.0" encoding="UTF-8"?>
<!-- Generated by org.testng.reporters.JUnitReportReporter -->
<testsuite hostname="KRISHNAs-iMac" name="testScriptClasses.employeeReferalRegistration" tests="1" failures="0" timestamp="31 Jul 2015 03:22:40 GMT" time="15.526" errors="0">
  <testcase name="empRefRegRecruiter" time="15.526" classname="testScriptClasses.employeeReferalRegistration"/>
</testsuite> <!-- testScriptClasses.employeeReferalRegistration -->
