<?xml version="1.0" encoding="UTF-8"?>
<!-- Generated by org.testng.reporters.JUnitReportReporter -->
<testsuite hostname="KRISHNAs-iMac" name="testScriptClasses.HomePageValidations" tests="1" failures="0" timestamp="31 Jul 2015 03:22:40 GMT" time="7.482" errors="0">
  <testcase name="homePage" time="7.482" classname="testScriptClasses.HomePageValidations"/>
</testsuite> <!-- testScriptClasses.HomePageValidations -->
