<?xml version="1.0" encoding="UTF-8"?>
<!-- Generated by org.testng.reporters.JUnitReportReporter -->
<testsuite hostname="KRISHNAs-iMac" name="testScriptClasses.jobSeekerLoginValidations" tests="1" failures="0" timestamp="31 Jul 2015 03:24:35 GMT" time="63.902" errors="0">
  <testcase name="jobSeekerLoginFunctionalities" time="63.902" classname="testScriptClasses.jobSeekerLoginValidations"/>
</testsuite> <!-- testScriptClasses.jobSeekerLoginValidations -->
