<?xml version="1.0" encoding="UTF-8"?>
<!-- Generated by org.testng.reporters.JUnitReportReporter -->
<testsuite hostname="KRISHNAs-iMac" name="testScriptClasses.employeeReferalRegistrationRecruiter" tests="1" failures="0" timestamp="26 Jul 2015 16:23:10 GMT" time="11.358" errors="0">
  <testcase name="empRefRegRecruiter" time="11.358" classname="testScriptClasses.employeeReferalRegistrationRecruiter"/>
</testsuite> <!-- testScriptClasses.employeeReferalRegistrationRecruiter -->
